
synthesis -f "Safety_impl1_lattice.synproj"
synthesis:  version Diamond (64-bit) 3.13.0.56.2

Copyright (c) 1991-1994 by NeoCAD Inc. All rights reserved.
Copyright (c) 1995 AT&T Corp.   All rights reserved.
Copyright (c) 1995-2001 Lucent Technologies Inc.  All rights reserved.
Copyright (c) 2001 Agere Systems   All rights reserved.
Copyright (c) 2002-2023 Lattice Semiconductor Corporation,  All rights reserved.
Wed Apr 16 13:54:24 2025


Command Line:  synthesis -f Safety_impl1_lattice.synproj -gui -msgset C:/Project/Working/FPGA/HOME/Lattice/4162025/Safety/Rev_1/promote.xml 

    <postMsg mid="35002000" type="Info"    dynamic="0" navigation="0"  />
Synthesis options:
The -a option is MachXO2.
The -s option is 4.
The -t option is TQFP100.
The -d option is LCMXO2-2000HC.
Using package TQFP100.
Using performance grade 4.
                                                          

##########################################################

### Lattice Family : MachXO2

### Device  : LCMXO2-2000HC

### Package : TQFP100

### Speed   : 4

##########################################################

                                                          

    <postMsg mid="35001781" type="Info"    dynamic="0" navigation="0"  />
Optimization goal = Balanced
Top-level module name = top.
Target frequency = 200.000000 MHz.
Maximum fanout = 1000.
Timing path count = 3
BRAM utilization = 100.000000 %
DSP usage = true
DSP utilization = 100.000000 %
fsm_encoding_style = auto
resolve_mixed_drivers = 0
fix_gated_clocks = 1

Mux style = Auto
Use Carry Chain = true
carry_chain_length = 0
Loop Limit = 1950.
Use IO Insertion = TRUE
Use IO Reg = AUTO

Resource Sharing = TRUE
Propagate Constants = TRUE
Remove Duplicate Registers = TRUE
force_gsr = auto
ROM style = auto
RAM style = auto
The -comp option is FALSE.
The -syn option is FALSE.
-p C:/Project/Working/FPGA/HOME/Lattice/4162025/Safety/Rev_1 (searchpath added)
-p C:/lscc/diamond/3.13/ispfpga/xo2c00/data (searchpath added)
-p C:/Project/Working/FPGA/HOME/Lattice/4162025/Safety/Rev_1/impl1 (searchpath added)
-p C:/Project/Working/FPGA/HOME/Lattice/4162025/Safety/Rev_1 (searchpath added)
Verilog design file = C:/Project/Working/FPGA/HOME/Lattice/4162025/Safety/Rev_1/src/top.v
Verilog design file = C:/Project/Working/FPGA/HOME/Lattice/4162025/Safety/Rev_1/src/limit_check.v
Verilog design file = C:/Project/Working/FPGA/HOME/Lattice/4162025/Safety/Rev_1/src/registers.v
Verilog design file = C:/Project/Working/FPGA/HOME/Lattice/4162025/Safety/Rev_1/src/heart_beat.v
Verilog design file = C:/Project/Working/FPGA/HOME/Lattice/4162025/Safety/Rev_1/src/reset_generator.v
Verilog design file = C:/Project/Working/FPGA/HOME/Lattice/4162025/Safety/Rev_1/src/adc_control.v
Verilog design file = C:/Project/Working/FPGA/HOME/Lattice/4162025/Safety/Rev_1/src/filter.v
Verilog design file = C:/Project/Working/FPGA/HOME/Lattice/4162025/Safety/Rev_1/src/i2c_slave_top.v
Verilog design file = C:/Project/Working/FPGA/HOME/Lattice/4162025/Safety/Rev_1/src/i2cslave_controller_top.v
Verilog design file = C:/Project/Working/FPGA/HOME/Lattice/4162025/Safety/Rev_1/src/i2cslave_controller.v
Verilog design file = C:/Project/Working/FPGA/HOME/Lattice/4162025/Safety/Rev_1/src/adc_check.v
Verilog design file = C:/Project/Working/FPGA/HOME/Lattice/4162025/Safety/Rev_1/src/adc_current_check.v
Verilog design file = C:/Project/Working/FPGA/HOME/Lattice/4162025/Safety/Rev_1/src/adc_pulse_rate_check.v
Verilog design file = C:/Project/Working/FPGA/HOME/Lattice/4162025/Safety/Rev_1/src/logic_check.v
Verilog design file = C:/Project/Working/FPGA/HOME/Lattice/4162025/Safety/Rev_1/src/clock_generator.v
Verilog design file = C:/Project/Working/FPGA/HOME/Lattice/4162025/Safety/Rev_1/TestBench/top_tb.v
Verilog design file = C:/Project/Working/FPGA/HOME/Lattice/4162025/Safety/Rev_1/TestBench/tb_defines.v
Verilog design file = C:/Project/Working/FPGA/HOME/Lattice/4162025/Safety/Rev_1/TestBench/i2c_master.v
Verilog design file = C:/Project/Working/FPGA/HOME/Lattice/4162025/Safety/Rev_1/TestBench/i2c_slave_tb.v
NGD file = Safety_impl1.ngd
-sdc option: SDC file input not used.
-lpf option: Output file option is ON.
Hardtimer checking is enabled (default). The -dt option is not used.
The -r option is OFF. [ Remove LOC Properties is OFF. ]
Technology check ok...

Analyzing Verilog file C:/lscc/diamond/3.13/ispfpga/userware/NT/SYNTHESIS_HEADERS/machxo2.v. VERI-1482
Compile design.
Compile Design Begin
Analyzing Verilog file c:/project/working/fpga/home/lattice/4162025/safety/rev_1/src/top.v. VERI-1482
Analyzing Verilog file c:/project/working/fpga/home/lattice/4162025/safety/rev_1/src/limit_check.v. VERI-1482
Analyzing Verilog file c:/project/working/fpga/home/lattice/4162025/safety/rev_1/src/registers.v. VERI-1482
Analyzing Verilog file c:/project/working/fpga/home/lattice/4162025/safety/rev_1/src/heart_beat.v. VERI-1482
Analyzing Verilog file c:/project/working/fpga/home/lattice/4162025/safety/rev_1/src/reset_generator.v. VERI-1482
Analyzing Verilog file c:/project/working/fpga/home/lattice/4162025/safety/rev_1/src/adc_control.v. VERI-1482
Analyzing Verilog file c:/project/working/fpga/home/lattice/4162025/safety/rev_1/src/filter.v. VERI-1482
Analyzing Verilog file c:/project/working/fpga/home/lattice/4162025/safety/rev_1/src/i2c_slave_top.v. VERI-1482
Analyzing Verilog file c:/project/working/fpga/home/lattice/4162025/safety/rev_1/src/i2cslave_controller_top.v. VERI-1482
Analyzing Verilog file c:/project/working/fpga/home/lattice/4162025/safety/rev_1/src/i2cslave_controller.v. VERI-1482
Analyzing Verilog file c:/project/working/fpga/home/lattice/4162025/safety/rev_1/src/adc_check.v. VERI-1482
Analyzing Verilog file c:/project/working/fpga/home/lattice/4162025/safety/rev_1/src/adc_current_check.v. VERI-1482
Analyzing Verilog file c:/project/working/fpga/home/lattice/4162025/safety/rev_1/src/adc_pulse_rate_check.v. VERI-1482
Analyzing Verilog file c:/project/working/fpga/home/lattice/4162025/safety/rev_1/src/logic_check.v. VERI-1482
Analyzing Verilog file c:/project/working/fpga/home/lattice/4162025/safety/rev_1/src/clock_generator.v. VERI-1482
Analyzing Verilog file c:/project/working/fpga/home/lattice/4162025/safety/rev_1/testbench/top_tb.v. VERI-1482
    <postMsg mid="35901328" type="Info"    dynamic="2" navigation="2" arg0="c:/project/working/fpga/home/lattice/4162025/safety/rev_1/testbench/top_tb.v(2): " arg1="c:/project/working/fpga/home/lattice/4162025/safety/rev_1/testbench/tb_defines.v" arg2="c:/project/working/fpga/home/lattice/4162025/safety/rev_1/testbench/top_tb.v" arg3="2"  />
Analyzing Verilog file c:/project/working/fpga/home/lattice/4162025/safety/rev_1/testbench/tb_defines.v. VERI-1482
Analyzing Verilog file c:/project/working/fpga/home/lattice/4162025/safety/rev_1/testbench/i2c_master.v. VERI-1482
    <postMsg mid="35901328" type="Info"    dynamic="2" navigation="2" arg0="c:/project/working/fpga/home/lattice/4162025/safety/rev_1/testbench/i2c_master.v(51): " arg1="c:/project/working/fpga/home/lattice/4162025/safety/rev_1/testbench/tb_defines.v" arg2="c:/project/working/fpga/home/lattice/4162025/safety/rev_1/testbench/i2c_master.v" arg3="51"  />
Analyzing Verilog file c:/project/working/fpga/home/lattice/4162025/safety/rev_1/testbench/i2c_slave_tb.v. VERI-1482
Analyzing Verilog file C:/lscc/diamond/3.13/ispfpga/userware/NT/SYNTHESIS_HEADERS/machxo2.v. VERI-1482
Top module name (Verilog): top
    <postMsg mid="35901018" type="Info"    dynamic="2" navigation="2" arg0="c:/project/working/fpga/home/lattice/4162025/safety/rev_1/src/top.v(3): " arg1="top" arg2="c:/project/working/fpga/home/lattice/4162025/safety/rev_1/src/top.v" arg3="3"  />
    <postMsg mid="35901209" type="Warning" dynamic="3" navigation="2" arg0="c:/project/working/fpga/home/lattice/4162025/safety/rev_1/src/top.v(97): " arg1="4" arg2="1" arg3="c:/project/working/fpga/home/lattice/4162025/safety/rev_1/src/top.v" arg4="97"  />
    <postMsg mid="35901209" type="Warning" dynamic="3" navigation="2" arg0="c:/project/working/fpga/home/lattice/4162025/safety/rev_1/src/top.v(99): " arg1="5" arg2="1" arg3="c:/project/working/fpga/home/lattice/4162025/safety/rev_1/src/top.v" arg4="99"  />
    <postMsg mid="35901018" type="Info"    dynamic="2" navigation="2" arg0="c:/project/working/fpga/home/lattice/4162025/safety/rev_1/src/reset_generator.v(21): " arg1="reset_generator" arg2="c:/project/working/fpga/home/lattice/4162025/safety/rev_1/src/reset_generator.v" arg3="21"  />
    <postMsg mid="35901018" type="Info"    dynamic="2" navigation="2" arg0="c:/project/working/fpga/home/lattice/4162025/safety/rev_1/src/clock_generator.v(21): " arg1="clock_generator" arg2="c:/project/working/fpga/home/lattice/4162025/safety/rev_1/src/clock_generator.v" arg3="21"  />
    <postMsg mid="35901018" type="Info"    dynamic="2" navigation="2" arg0="c:/project/working/fpga/home/lattice/4162025/safety/rev_1/src/heart_beat.v(21): " arg1="heart_beat" arg2="c:/project/working/fpga/home/lattice/4162025/safety/rev_1/src/heart_beat.v" arg3="21"  />
    <postMsg mid="35901209" type="Warning" dynamic="3" navigation="2" arg0="c:/project/working/fpga/home/lattice/4162025/safety/rev_1/src/heart_beat.v(40): " arg1="32" arg2="16" arg3="c:/project/working/fpga/home/lattice/4162025/safety/rev_1/src/heart_beat.v" arg4="40"  />
    <postMsg mid="35901209" type="Warning" dynamic="3" navigation="2" arg0="c:/project/working/fpga/home/lattice/4162025/safety/rev_1/src/heart_beat.v(49): " arg1="32" arg2="16" arg3="c:/project/working/fpga/home/lattice/4162025/safety/rev_1/src/heart_beat.v" arg4="49"  />
    <postMsg mid="35901018" type="Info"    dynamic="2" navigation="2" arg0="c:/project/working/fpga/home/lattice/4162025/safety/rev_1/src/i2c_slave_top.v(20): " arg1="i2c_slave_top" arg2="c:/project/working/fpga/home/lattice/4162025/safety/rev_1/src/i2c_slave_top.v" arg3="20"  />
    <postMsg mid="35901018" type="Info"    dynamic="2" navigation="2" arg0="c:/project/working/fpga/home/lattice/4162025/safety/rev_1/src/i2cslave_controller_top.v(53): " arg1="i2cslave_controller_top" arg2="c:/project/working/fpga/home/lattice/4162025/safety/rev_1/src/i2cslave_controller_top.v" arg3="53"  />
    <postMsg mid="35901018" type="Info"    dynamic="2" navigation="2" arg0="c:/project/working/fpga/home/lattice/4162025/safety/rev_1/src/filter.v(39): " arg1="filter" arg2="c:/project/working/fpga/home/lattice/4162025/safety/rev_1/src/filter.v" arg3="39"  />
    <postMsg mid="35901018" type="Info"    dynamic="2" navigation="2" arg0="c:/project/working/fpga/home/lattice/4162025/safety/rev_1/src/i2cslave_controller.v(54): " arg1="i2cslave_controller" arg2="c:/project/working/fpga/home/lattice/4162025/safety/rev_1/src/i2cslave_controller.v" arg3="54"  />
    <postMsg mid="35901209" type="Warning" dynamic="3" navigation="2" arg0="c:/project/working/fpga/home/lattice/4162025/safety/rev_1/src/i2cslave_controller.v(408): " arg1="32" arg2="4" arg3="c:/project/working/fpga/home/lattice/4162025/safety/rev_1/src/i2cslave_controller.v" arg4="408"  />
    <postMsg mid="35901209" type="Warning" dynamic="3" navigation="2" arg0="c:/project/working/fpga/home/lattice/4162025/safety/rev_1/src/i2cslave_controller.v(433): " arg1="32" arg2="4" arg3="c:/project/working/fpga/home/lattice/4162025/safety/rev_1/src/i2cslave_controller.v" arg4="433"  />
    <postMsg mid="35901209" type="Warning" dynamic="3" navigation="2" arg0="c:/project/working/fpga/home/lattice/4162025/safety/rev_1/src/i2cslave_controller.v(454): " arg1="32" arg2="4" arg3="c:/project/working/fpga/home/lattice/4162025/safety/rev_1/src/i2cslave_controller.v" arg4="454"  />
    <postMsg mid="35901209" type="Warning" dynamic="3" navigation="2" arg0="c:/project/working/fpga/home/lattice/4162025/safety/rev_1/src/i2cslave_controller.v(495): " arg1="32" arg2="4" arg3="c:/project/working/fpga/home/lattice/4162025/safety/rev_1/src/i2cslave_controller.v" arg4="495"  />
    <postMsg mid="35901209" type="Warning" dynamic="3" navigation="2" arg0="c:/project/working/fpga/home/lattice/4162025/safety/rev_1/src/i2cslave_controller.v(545): " arg1="32" arg2="4" arg3="c:/project/working/fpga/home/lattice/4162025/safety/rev_1/src/i2cslave_controller.v" arg4="545"  />
    <postMsg mid="35901209" type="Warning" dynamic="3" navigation="2" arg0="c:/project/working/fpga/home/lattice/4162025/safety/rev_1/src/i2cslave_controller.v(582): " arg1="32" arg2="4" arg3="c:/project/working/fpga/home/lattice/4162025/safety/rev_1/src/i2cslave_controller.v" arg4="582"  />
    <postMsg mid="35901209" type="Warning" dynamic="3" navigation="2" arg0="c:/project/working/fpga/home/lattice/4162025/safety/rev_1/src/i2cslave_controller_top.v(180): " arg1="32" arg2="4" arg3="c:/project/working/fpga/home/lattice/4162025/safety/rev_1/src/i2cslave_controller_top.v" arg4="180"  />
    <postMsg mid="35901018" type="Info"    dynamic="2" navigation="2" arg0="c:/project/working/fpga/home/lattice/4162025/safety/rev_1/src/registers.v(3): " arg1="registers" arg2="c:/project/working/fpga/home/lattice/4162025/safety/rev_1/src/registers.v" arg3="3"  />
    <postMsg mid="35901209" type="Warning" dynamic="3" navigation="2" arg0="c:/project/working/fpga/home/lattice/4162025/safety/rev_1/src/registers.v(91): " arg1="32" arg2="4" arg3="c:/project/working/fpga/home/lattice/4162025/safety/rev_1/src/registers.v" arg4="91"  />
    <postMsg mid="35901209" type="Warning" dynamic="3" navigation="2" arg0="c:/project/working/fpga/home/lattice/4162025/safety/rev_1/src/registers.v(237): " arg1="32" arg2="8" arg3="c:/project/working/fpga/home/lattice/4162025/safety/rev_1/src/registers.v" arg4="237"  />
    <postMsg mid="35901209" type="Warning" dynamic="3" navigation="2" arg0="c:/project/working/fpga/home/lattice/4162025/safety/rev_1/src/registers.v(242): " arg1="32" arg2="8" arg3="c:/project/working/fpga/home/lattice/4162025/safety/rev_1/src/registers.v" arg4="242"  />
    <postMsg mid="35901209" type="Warning" dynamic="3" navigation="2" arg0="c:/project/working/fpga/home/lattice/4162025/safety/rev_1/src/registers.v(259): " arg1="32" arg2="12" arg3="c:/project/working/fpga/home/lattice/4162025/safety/rev_1/src/registers.v" arg4="259"  />
    <postMsg mid="35901209" type="Warning" dynamic="3" navigation="2" arg0="c:/project/working/fpga/home/lattice/4162025/safety/rev_1/src/registers.v(284): " arg1="32" arg2="4" arg3="c:/project/working/fpga/home/lattice/4162025/safety/rev_1/src/registers.v" arg4="284"  />
    <postMsg mid="35901330" type="Warning" dynamic="4" navigation="2" arg0="c:/project/working/fpga/home/lattice/4162025/safety/rev_1/src/top.v(146): " arg1="1" arg2="8" arg3="monitor_status" arg4="c:/project/working/fpga/home/lattice/4162025/safety/rev_1/src/top.v" arg5="146"  />
    <postMsg mid="35901018" type="Info"    dynamic="2" navigation="2" arg0="c:/project/working/fpga/home/lattice/4162025/safety/rev_1/src/limit_check.v(2): " arg1="limit_check" arg2="c:/project/working/fpga/home/lattice/4162025/safety/rev_1/src/limit_check.v" arg3="2"  />
    <postMsg mid="35901018" type="Info"    dynamic="2" navigation="2" arg0="c:/project/working/fpga/home/lattice/4162025/safety/rev_1/src/logic_check.v(21): " arg1="logic_check" arg2="c:/project/working/fpga/home/lattice/4162025/safety/rev_1/src/logic_check.v" arg3="21"  />
    <postMsg mid="35901018" type="Info"    dynamic="2" navigation="2" arg0="c:/project/working/fpga/home/lattice/4162025/safety/rev_1/src/adc_check.v(2): " arg1="adc_check" arg2="c:/project/working/fpga/home/lattice/4162025/safety/rev_1/src/adc_check.v" arg3="2"  />
    <postMsg mid="35901018" type="Info"    dynamic="2" navigation="2" arg0="c:/project/working/fpga/home/lattice/4162025/safety/rev_1/src/adc_current_check.v(21): " arg1="adc_current_check" arg2="c:/project/working/fpga/home/lattice/4162025/safety/rev_1/src/adc_current_check.v" arg3="21"  />
    <postMsg mid="35901209" type="Warning" dynamic="3" navigation="2" arg0="c:/project/working/fpga/home/lattice/4162025/safety/rev_1/src/adc_current_check.v(54): " arg1="16" arg2="1" arg3="c:/project/working/fpga/home/lattice/4162025/safety/rev_1/src/adc_current_check.v" arg4="54"  />
    <postMsg mid="35901018" type="Info"    dynamic="2" navigation="2" arg0="c:/project/working/fpga/home/lattice/4162025/safety/rev_1/src/adc_pulse_rate_check.v(21): " arg1="adc_pulse_rate_check" arg2="c:/project/working/fpga/home/lattice/4162025/safety/rev_1/src/adc_pulse_rate_check.v" arg3="21"  />
    <postMsg mid="35901209" type="Warning" dynamic="3" navigation="2" arg0="c:/project/working/fpga/home/lattice/4162025/safety/rev_1/src/adc_pulse_rate_check.v(66): " arg1="16" arg2="1" arg3="c:/project/working/fpga/home/lattice/4162025/safety/rev_1/src/adc_pulse_rate_check.v" arg4="66"  />
    <postMsg mid="35931002" type="Warning" dynamic="2" navigation="2" arg0="c:/project/working/fpga/home/lattice/4162025/safety/rev_1/src/adc_check.v(31): " arg1="bypass" arg2="c:/project/working/fpga/home/lattice/4162025/safety/rev_1/src/adc_check.v" arg3="31"  />
    <postMsg mid="35901330" type="Warning" dynamic="4" navigation="2" arg0="c:/project/working/fpga/home/lattice/4162025/safety/rev_1/src/top.v(172): " arg1="1" arg2="16" arg3="adc_data" arg4="c:/project/working/fpga/home/lattice/4162025/safety/rev_1/src/top.v" arg5="172"  />
    <postMsg mid="35901330" type="Warning" dynamic="4" navigation="2" arg0="c:/project/working/fpga/home/lattice/4162025/safety/rev_1/src/top.v(179): " arg1="1" arg2="16" arg3="adc_pulse_current_limit" arg4="c:/project/working/fpga/home/lattice/4162025/safety/rev_1/src/top.v" arg5="179"  />
    <postMsg mid="35901018" type="Info"    dynamic="2" navigation="2" arg0="c:/project/working/fpga/home/lattice/4162025/safety/rev_1/src/adc_control.v(21): " arg1="adc_control" arg2="c:/project/working/fpga/home/lattice/4162025/safety/rev_1/src/adc_control.v" arg3="21"  />
    <postMsg mid="35901209" type="Warning" dynamic="3" navigation="2" arg0="c:/project/working/fpga/home/lattice/4162025/safety/rev_1/src/adc_control.v(82): " arg1="32" arg2="8" arg3="c:/project/working/fpga/home/lattice/4162025/safety/rev_1/src/adc_control.v" arg4="82"  />
    <postMsg mid="35901209" type="Warning" dynamic="3" navigation="2" arg0="c:/project/working/fpga/home/lattice/4162025/safety/rev_1/src/adc_control.v(95): " arg1="32" arg2="4" arg3="c:/project/working/fpga/home/lattice/4162025/safety/rev_1/src/adc_control.v" arg4="95"  />
    <postMsg mid="35901209" type="Warning" dynamic="3" navigation="2" arg0="c:/project/working/fpga/home/lattice/4162025/safety/rev_1/src/adc_control.v(120): " arg1="32" arg2="8" arg3="c:/project/working/fpga/home/lattice/4162025/safety/rev_1/src/adc_control.v" arg4="120"  />
    <postMsg mid="35901330" type="Warning" dynamic="4" navigation="2" arg0="c:/project/working/fpga/home/lattice/4162025/safety/rev_1/src/top.v(207): " arg1="1" arg2="16" arg3="adc_data_value" arg4="c:/project/working/fpga/home/lattice/4162025/safety/rev_1/src/top.v" arg5="207"  />
    <postMsg mid="35931002" type="Warning" dynamic="2" navigation="2" arg0="c:/project/working/fpga/home/lattice/4162025/safety/rev_1/src/top.v(52): " arg1="adc_voltage_data[15]" arg2="c:/project/working/fpga/home/lattice/4162025/safety/rev_1/src/top.v" arg3="52"  />
    <postMsg mid="35931002" type="Warning" dynamic="2" navigation="2" arg0="c:/project/working/fpga/home/lattice/4162025/safety/rev_1/src/top.v(54): " arg1="status[0]" arg2="c:/project/working/fpga/home/lattice/4162025/safety/rev_1/src/top.v" arg3="54"  />
    <postMsg mid="35931002" type="Warning" dynamic="2" navigation="2" arg0="c:/project/working/fpga/home/lattice/4162025/safety/rev_1/src/top.v(146): " arg1="monitor_status" arg2="c:/project/working/fpga/home/lattice/4162025/safety/rev_1/src/top.v" arg3="146"  />
    <postMsg mid="35931002" type="Warning" dynamic="2" navigation="2" arg0="c:/project/working/fpga/home/lattice/4162025/safety/rev_1/src/top.v(172): " arg1="adc_data" arg2="c:/project/working/fpga/home/lattice/4162025/safety/rev_1/src/top.v" arg3="172"  />
    <postMsg mid="35931002" type="Warning" dynamic="2" navigation="2" arg0="c:/project/working/fpga/home/lattice/4162025/safety/rev_1/src/top.v(179): " arg1="pulse_current_limit" arg2="c:/project/working/fpga/home/lattice/4162025/safety/rev_1/src/top.v" arg3="179"  />
Last elaborated design is top()
Loading NGL library 'C:/lscc/diamond/3.13/ispfpga/xo2c00a/data/xo2alib.ngl'...
Loading NGL library 'C:/lscc/diamond/3.13/ispfpga/xo2c00/data/xo2clib.ngl'...
Loading NGL library 'C:/lscc/diamond/3.13/ispfpga/mg5g00/data/mg5glib.ngl'...
Loading NGL library 'C:/lscc/diamond/3.13/ispfpga/or5g00/data/orc5glib.ngl'...
Loading device for application map from file 'xo2c2000.nph' in environment: C:/lscc/diamond/3.13/ispfpga.
Package Status:                     Final          Version 1.44.
Top-level module name = top.
    <postMsg mid="35931002" type="Warning" dynamic="2" navigation="2" arg0="c:/project/working/fpga/home/lattice/4162025/safety/rev_1/src/adc_check.v(31): " arg1="bypass" arg2="c:/project/working/fpga/home/lattice/4162025/safety/rev_1/src/adc_check.v" arg3="31"  />
######## Converting I/O port temp_scl to output.
######## Converting I/O port temp_sda to output.
######## Converting I/O port prom_scl to output.
######## Converting I/O port prom_sda to output.
######## Converting I/O port spare1 to output.
######## Converting I/O port spare2 to output.
######## Converting I/O port spare3 to output.
######## Converting I/O port spare4 to output.
######## Converting I/O port gpio1 to output.
######## Converting I/O port gpio2 to output.
######## Converting I/O port gpio3 to output.
######## Converting I/O port gpio4 to output.
######## Missing driver on net adc_voltage_data[15]. Patching with GND.
######## Missing driver on net adc_voltage_data[14]. Patching with GND.
######## Missing driver on net adc_voltage_data[13]. Patching with GND.
######## Missing driver on net adc_voltage_data[12]. Patching with GND.
######## Missing driver on net adc_voltage_data[11]. Patching with GND.
######## Missing driver on net adc_voltage_data[10]. Patching with GND.
######## Missing driver on net adc_voltage_data[9]. Patching with GND.
######## Missing driver on net adc_voltage_data[8]. Patching with GND.
######## Missing driver on net adc_voltage_data[7]. Patching with GND.
######## Missing driver on net adc_voltage_data[6]. Patching with GND.
######## Missing driver on net adc_voltage_data[5]. Patching with GND.
######## Missing driver on net adc_voltage_data[4]. Patching with GND.
######## Missing driver on net adc_voltage_data[3]. Patching with GND.
######## Missing driver on net adc_voltage_data[2]. Patching with GND.
######## Missing driver on net adc_voltage_data[1]. Patching with GND.
######## Missing driver on net adc_voltage_data[0]. Patching with GND.
######## Missing driver on net status[0]. Patching with GND.
######## Missing driver on net monitor_status. Patching with GND.
######## Missing driver on net adc_data. Patching with GND.
######## Missing driver on net pulse_current_limit. Patching with GND.
######## Missing driver on net \limit_check/adc_check/bypass. Patching with GND.
    <postMsg mid="35935013" type="Warning" dynamic="2" navigation="2" arg0="c:/project/working/fpga/home/lattice/4162025/safety/rev_1/src/adc_pulse_rate_check.v(129): " arg1="\limit_check/adc_check/adc_pulse_rate_check/adc_rate_lower_limit_fail_52" arg2="c:/project/working/fpga/home/lattice/4162025/safety/rev_1/src/adc_pulse_rate_check.v" arg3="129"  />
    <postMsg mid="35935013" type="Warning" dynamic="2" navigation="2" arg0="c:/project/working/fpga/home/lattice/4162025/safety/rev_1/src/logic_check.v(161): " arg1="\limit_check/logic_check/rate_limit_window_123" arg2="c:/project/working/fpga/home/lattice/4162025/safety/rev_1/src/logic_check.v" arg3="161"  />
    <postMsg mid="35935013" type="Warning" dynamic="2" navigation="2" arg0="c:/project/working/fpga/home/lattice/4162025/safety/rev_1/src/adc_current_check.v(80): " arg1="\limit_check/adc_check/adc_current_check/adc_data_d1_34" arg2="c:/project/working/fpga/home/lattice/4162025/safety/rev_1/src/adc_current_check.v" arg3="80"  />
    <postMsg mid="35935013" type="Warning" dynamic="2" navigation="2" arg0="c:/project/working/fpga/home/lattice/4162025/safety/rev_1/src/i2cslave_controller.v(313): " arg1="\i2c_slave_top/i2cslave_controller_top/i2cslave_controller_u1/addr_10bit_en_reg_i_754" arg2="c:/project/working/fpga/home/lattice/4162025/safety/rev_1/src/i2cslave_controller.v" arg3="313"  />
    <postMsg mid="35935013" type="Warning" dynamic="2" navigation="2" arg0="c:/project/working/fpga/home/lattice/4162025/safety/rev_1/src/i2cslave_controller.v(323): " arg1="\i2c_slave_top/i2cslave_controller_top/i2cslave_controller_u1/hs_mode_reg_i_755" arg2="c:/project/working/fpga/home/lattice/4162025/safety/rev_1/src/i2cslave_controller.v" arg3="323"  />
    <postMsg mid="35935013" type="Warning" dynamic="2" navigation="2" arg0="c:/project/working/fpga/home/lattice/4162025/safety/rev_1/src/i2cslave_controller.v(735): " arg1="\i2c_slave_top/i2cslave_controller_top/i2cslave_controller_u1/addr_ack2_i_773" arg2="c:/project/working/fpga/home/lattice/4162025/safety/rev_1/src/i2cslave_controller.v" arg3="735"  />
    <postMsg mid="35935013" type="Warning" dynamic="2" navigation="2" arg0="c:/project/working/fpga/home/lattice/4162025/safety/rev_1/src/i2cslave_controller.v(745): " arg1="\i2c_slave_top/i2cslave_controller_top/i2cslave_controller_u1/master_code_not_ack_reg_i_776" arg2="c:/project/working/fpga/home/lattice/4162025/safety/rev_1/src/i2cslave_controller.v" arg3="745"  />
    <postMsg mid="35001774" type="Info"    dynamic="2" navigation="0" arg0="\limit_check/logic_check/state" arg1="one-hot"  />
original encoding -> new encoding (one-hot encoding)

 0000 -> 0001

 0001 -> 0010

 0010 -> 0100

 0100 -> 1000

    <postMsg mid="35001774" type="Info"    dynamic="2" navigation="0" arg0="\i2c_slave_top/i2cslave_controller_top/i2cslave_controller_u1/next_state_i" arg1="one-hot"  />
original encoding -> new encoding (one-hot encoding)

 0000 -> 00000001

 0001 -> 00000010

 0010 -> 00000100

 0011 -> 00001000

 0100 -> 00010000

 0101 -> 00100000

 0110 -> 01000000

 0111 -> 10000000




    <postMsg mid="35001747" type="Warning" dynamic="2" navigation="0" arg0="3" arg1="\i2c_slave_top/i2cslave_controller_top/i2cslave_controller_u1/next_state_i_FSM"  />
    <postMsg mid="35001747" type="Warning" dynamic="2" navigation="0" arg0="7" arg1="\i2c_slave_top/i2cslave_controller_top/i2cslave_controller_u1/next_state_i_FSM"  />
    <postMsg mid="35935013" type="Warning" dynamic="2" navigation="2" arg0="c:/project/working/fpga/home/lattice/4162025/safety/rev_1/src/i2cslave_controller.v(618): " arg1="\i2c_slave_top/i2cslave_controller_top/i2cslave_controller_u1/next_state_i_FSM_i2" arg2="c:/project/working/fpga/home/lattice/4162025/safety/rev_1/src/i2cslave_controller.v" arg3="618"  />
    <postMsg mid="35935013" type="Warning" dynamic="2" navigation="2" arg0="c:/project/working/fpga/home/lattice/4162025/safety/rev_1/src/i2cslave_controller.v(1087): " arg1="\i2c_slave_top/i2cslave_controller_top/i2cslave_controller_u1/timeout_state_i__i1" arg2="c:/project/working/fpga/home/lattice/4162025/safety/rev_1/src/i2cslave_controller.v" arg3="1087"  />
    <postMsg mid="35935013" type="Warning" dynamic="2" navigation="2" arg0="c:/project/working/fpga/home/lattice/4162025/safety/rev_1/src/i2cslave_controller.v(1097): " arg1="\i2c_slave_top/i2cslave_controller_top/i2cslave_controller_u1/reset_fsm_i_804" arg2="c:/project/working/fpga/home/lattice/4162025/safety/rev_1/src/i2cslave_controller.v" arg3="1097"  />
GSR instance connected to net reset_n.
Applying 200.000000 MHz constraint to all clocks

    <postMsg mid="35001611" type="Warning" dynamic="0" navigation="0"  />
Results of NGD DRC are available in top_drc.log.
Loading NGL library 'C:/lscc/diamond/3.13/ispfpga/xo2c00a/data/xo2alib.ngl'...
Loading NGL library 'C:/lscc/diamond/3.13/ispfpga/xo2c00/data/xo2clib.ngl'...
Loading NGL library 'C:/lscc/diamond/3.13/ispfpga/mg5g00/data/mg5glib.ngl'...
Loading NGL library 'C:/lscc/diamond/3.13/ispfpga/or5g00/data/orc5glib.ngl'...


Running DRC...

DRC complete with no errors or warnings

Design Results:
   1516 blocks expanded
completed the first expansion
All blocks are expanded and NGD expansion is successful.
Writing NGD file Safety_impl1.ngd.

################### Begin Area Report (top)######################
Number of register bits => 434 of 2352 (18 % )
BB => 2
CCU2D => 41
FD1P3AX => 217
FD1P3AY => 49
FD1P3DX => 9
FD1P3IX => 17
FD1S1D => 8
FD1S3AX => 83
FD1S3AY => 3
FD1S3BX => 10
FD1S3DX => 19
FD1S3IX => 19
GSR => 1
IB => 6
INV => 3
L6MUX21 => 33
LUT4 => 882
OB => 24
PFUMX => 87
################### End Area Report ##################

################### Begin BlackBox Report ######################
TSALL => 1
################### End BlackBox Report ##################

################### Begin Clock Report ######################
Clock Nets
Number of Clocks: 15
  Net : clock_generator/clk_div2, loads : 355
  Net : i2c_slave_top/i2cslave_controller_top/i2cslave_controller_u1/sda_reg, loads : 28
  Net : i2c_slave_top/registers/data_vld_dly, loads : 20
  Net : i2c_slave_top/i2cslave_controller_top/filter_scl_inst/out_n, loads : 21
  Net : heart_beat/prescale_15, loads : 9
  Net : reset_generator/clk_d2, loads : 5
  Net : i2c_slave_top/i2cslave_controller_top/i2cslave_controller_u1/addr_i_7__N_699, loads : 2
  Net : i2c_slave_top/i2cslave_controller_top/i2cslave_controller_u1/addr_i_7__N_704, loads : 2
  Net : i2c_slave_top/i2cslave_controller_top/i2cslave_controller_u1/addr_i_7__N_703, loads : 2
  Net : i2c_slave_top/i2cslave_controller_top/i2cslave_controller_u1/addr_i_7__N_698, loads : 2
  Net : i2c_slave_top/i2cslave_controller_top/i2cslave_controller_u1/addr_i_7__N_702, loads : 2
  Net : clk_50mhz_c, loads : 2
  Net : i2c_slave_top/i2cslave_controller_top/i2cslave_controller_u1/addr_i_7__N_701, loads : 2
  Net : i2c_slave_top/i2cslave_controller_top/i2cslave_controller_u1/addr_i_7__N_695, loads : 2
  Net : i2c_slave_top/i2cslave_controller_top/i2cslave_controller_u1/addr_i_7__N_700, loads : 2
Clock Enable Nets
Number of Clock Enables: 54
Top 10 highest fanout Clock Enables:
  Net : i2c_slave_top/registers/clk_div2_enable_59, loads : 8
  Net : i2c_slave_top/registers/clk_div2_enable_74, loads : 8
  Net : i2c_slave_top/registers/clk_div2_enable_51, loads : 8
  Net : adc_control/clk_div2_enable_258, loads : 8
  Net : i2c_slave_top/registers/clk_div2_enable_35, loads : 8
  Net : i2c_slave_top/registers/clk_div2_enable_82, loads : 8
  Net : i2c_slave_top/registers/clk_div2_enable_97, loads : 8
  Net : i2c_slave_top/registers/clk_div2_enable_90, loads : 8
  Net : i2c_slave_top/registers/clk_div2_enable_143, loads : 8
  Net : i2c_slave_top/registers/clk_div2_enable_105, loads : 8
Highest fanout non-clock nets
Top 10 highest fanout non-clock nets:
  Net : i2c_slave_top/registers/n16546, loads : 75
  Net : i2c_slave_top/registers/n16435, loads : 60
  Net : i2c_slave_top/registers/n16548, loads : 60
  Net : i2c_slave_top/registers/n16559, loads : 56
  Net : i2c_slave_top/registers/n16521, loads : 49
  Net : limit_check/logic_check/n14579, loads : 32
  Net : limit_check/logic_check/n12_adj_1721, loads : 31
  Net : i2c_slave_top/i2cslave_controller_top/i2cslave_controller_u1/count_i_0, loads : 30
  Net : i2c_slave_top/i2cslave_controller_top/i2cslave_controller_u1/count_i_1, loads : 30
  Net : i2c_slave_top/i2cslave_controller_top/i2cslave_controller_u1/n16425, loads : 27
################### End Clock Report ##################

Timing Report Summary
--------------
--------------------------------------------------------------------------------
Constraint                              |   Constraint|       Actual|Levels
--------------------------------------------------------------------------------
                                        |             |             |
create_clock -period 5.000000 -name     |             |             |
clk6 [get_nets clk_50mhz_c]             |  200.000 MHz|  365.631 MHz|     2  
                                        |             |             |
create_clock -period 5.000000 -name     |             |             |
clk5 [get_nets \reset_generator/clk_d2] |  200.000 MHz|  159.337 MHz|     3 *
                                        |             |             |
create_clock -period 5.000000 -name     |             |             |
clk4 [get_nets                          |             |             |
\i2c_slave_top/i2cslave_controller_top/i|             |             |
2cslave_controller_u1/sda_reg]          |  200.000 MHz|  156.421 MHz|     3 *
                                        |             |             |
create_clock -period 5.000000 -name     |             |             |
clk3 [get_nets                          |             |             |
\i2c_slave_top/registers/data_vld_dly]  |  200.000 MHz|  100.817 MHz|     9 *
                                        |             |             |
create_clock -period 5.000000 -name     |             |             |
clk2 [get_nets clk_div2]                |  200.000 MHz|   46.243 MHz|    14 *
                                        |             |             |
create_clock -period 5.000000 -name     |             |             |
clk1 [get_nets                          |             |             |
\i2c_slave_top/i2cslave_controller_top/o|             |             |
ut_n]                                   |  200.000 MHz|   52.955 MHz|     5 *
                                        |             |             |
create_clock -period 5.000000 -name     |             |             |
clk0 [get_nets \heart_beat/prescale[15]]|  200.000 MHz|  224.115 MHz|     6  
                                        |             |             |
--------------------------------------------------------------------------------


5 constraints not met.


Peak Memory Usage: 84.137  MB

--------------------------------------------------------------
Elapsed CPU time for LSE flow : 2.766  secs
--------------------------------------------------------------

map -a "MachXO2" -p LCMXO2-2000HC -t TQFP100 -s 4 -oc Commercial   "Safety_impl1.ngd" -o "Safety_impl1_map.ncd" -pr "Safety_impl1.prf" -mp "Safety_impl1.mrp" -lpf "C:/Project/Working/FPGA/HOME/Lattice/4162025/Safety/Rev_1/impl1/Safety_impl1.lpf" -lpf "C:/Project/Working/FPGA/HOME/Lattice/4162025/Safety/Rev_1/Safety.lpf"  -c 0           
map:  version Diamond (64-bit) 3.13.0.56.2

Copyright (c) 1991-1994 by NeoCAD Inc. All rights reserved.
Copyright (c) 1995 AT&T Corp.   All rights reserved.
Copyright (c) 1995-2001 Lucent Technologies Inc.  All rights reserved.
Copyright (c) 2001 Agere Systems   All rights reserved.
Copyright (c) 2002-2023 Lattice Semiconductor Corporation,  All rights reserved.
   Process the file: Safety_impl1.ngd
   Picdevice="LCMXO2-2000HC"

   Pictype="TQFP100"

   Picspeed=4

   Remove unused logic

   Do not produce over sized NCDs.

Part used: LCMXO2-2000HCTQFP100, Performance used: 4.

Loading device for application map from file 'xo2c2000.nph' in environment: C:/lscc/diamond/3.13/ispfpga.
Package Status:                     Final          Version 1.44.

Running general design DRC...

Removing unused logic...

Optimizing...




Design Summary:
   Number of registers:    434 out of  2352 (18%)
      PFU registers:          434 out of  2112 (21%)
      PIO registers:            0 out of   240 (0%)
   Number of SLICEs:       497 out of  1056 (47%)
      SLICEs as Logic/ROM:    497 out of  1056 (47%)
      SLICEs as RAM:            0 out of   792 (0%)
      SLICEs as Carry:         41 out of  1056 (4%)
   Number of LUT4s:        976 out of  2112 (46%)
      Number used as logic LUTs:        894
      Number used as distributed RAM:     0
      Number used as ripple logic:       82
      Number used as shift registers:     0
   Number of PIO sites used: 32 + 4(JTAG) out of 80 (45%)
   Number of block RAMs:  0 out of 8 (0%)
   Number of GSRs:        1 out of 1 (100%)
   EFB used :        No
   JTAG used :       No
   Readback used :   No
   Oscillator used : No
   Startup used :    No
   POR :             On
   Bandgap :         On
   Number of Power Controller:  0 out of 1 (0%)
   Number of Dynamic Bank Controller (BCINRD):  0 out of 6 (0%)
   Number of Dynamic Bank Controller (BCLVDSO):  0 out of 1 (0%)
   Number of DCCA:  0 out of 8 (0%)
   Number of DCMA:  0 out of 2 (0%)
   Number of PLLs:  0 out of 1 (0%)
   Number of DQSDLLs:  0 out of 2 (0%)
   Number of CLKDIVC:  0 out of 4 (0%)
   Number of ECLKSYNCA:  0 out of 4 (0%)
   Number of ECLKBRIDGECS:  0 out of 2 (0%)
   Notes:-
      1. Total number of LUT4s = (Number of logic LUT4s) + 2*(Number of distributed RAMs) + 2*(Number of ripple logic)
      2. Number of logic LUT4s does not include count of distributed RAM and ripple logic.
   Number of clocks:  15
     Net clk_50mhz_c: 2 loads, 2 rising, 0 falling (Driver: PIO clk_50mhz )
     Net clk_div2: 199 loads, 193 rising, 6 falling (Driver: clock_generator/clk_div2_8 )
     Net i2c_slave_top/registers/data_vld_dly: 20 loads, 20 rising, 0 falling (Driver: i2c_slave_top/registers/data_vld_dly_193 )
     Net i2c_slave_top/addr_i_7__N_702: 1 loads, 1 rising, 0 falling (Driver: i2c_slave_top/i2cslave_controller_top/i2cslave_controller_u1/addr_i_7__N_696_I_0_229_2_lut_3_lut_4_lut )
     Net i2c_slave_top/addr_i_7__N_703: 1 loads, 1 rising, 0 falling (Driver: i2c_slave_top/i2cslave_controller_top/i2cslave_controller_u1/addr_i_7__N_696_I_0_230_2_lut_3_lut_4_lut )
     Net i2c_slave_top/addr_i_7__N_701: 1 loads, 1 rising, 0 falling (Driver: i2c_slave_top/i2cslave_controller_top/i2cslave_controller_u1/addr_i_7__N_696_I_0_228_2_lut_3_lut_4_lut )
     Net i2c_slave_top/addr_i_7__N_700: 1 loads, 1 rising, 0 falling (Driver: i2c_slave_top/i2cslave_controller_top/i2cslave_controller_u1/addr_i_7__N_696_I_0_227_2_lut_3_lut_4_lut )
     Net i2c_slave_top/addr_i_7__N_699: 1 loads, 1 rising, 0 falling (Driver: i2c_slave_top/i2cslave_controller_top/i2cslave_controller_u1/addr_i_7__N_696_I_0_226_2_lut_3_lut_4_lut )
     Net i2c_slave_top/addr_i_7__N_698: 1 loads, 1 rising, 0 falling (Driver: i2c_slave_top/i2cslave_controller_top/i2cslave_controller_u1/addr_i_7__N_696_I_0_225_2_lut_3_lut_4_lut )
     Net i2c_slave_top/addr_i_7__N_695: 1 loads, 1 rising, 0 falling (Driver: i2c_slave_top/i2cslave_controller_top/i2cslave_controller_u1/addr_i_7__I_0_239_2_lut_3_lut_4_lut )
     Net i2c_slave_top/addr_i_7__N_704: 1 loads, 1 rising, 0 falling (Driver: i2c_slave_top/i2cslave_controller_top/i2cslave_controller_u1/addr_i_7__N_696_I_0_231_2_lut_3_lut_4_lut )
     Net i2c_slave_top/i2cslave_controller_top/i2cslave_controller_u1/sda_reg: 2 loads, 1 rising, 1 falling (Driver: i2c_slave_top/i2cslave_controller_top/i2cslave_controller_u1/sda_reg_749 )
     Net i2c_slave_top/i2cslave_controller_top/filter_scl_inst/out_n: 19 loads, 13 rising, 6 falling (Driver: i2c_slave_top/i2cslave_controller_top/filter_scl_inst/out_n_16 )
     Net reset_generator/clk_d2: 3 loads, 3 rising, 0 falling (Driver: reset_generator/clk_d2_19 )
     Net heart_beat/prescale[15]: 5 loads, 5 rising, 0 falling (Driver: heart_beat/prescale_920__i15 )
   Number of Clock Enables:  54
     Net reset_n: 1 loads, 1 LSLICEs
     Net adc_control/clk_div2_enable_258: 5 loads, 5 LSLICEs
     Net adc_control/clk_div2_enable_3: 1 loads, 1 LSLICEs
     Net adc_control/clk_div2_enable_255: 2 loads, 2 LSLICEs
     Net adc_control/clk_div2_enable_5: 1 loads, 1 LSLICEs
     Net adc_control/clk_div2_enable_26: 1 loads, 1 LSLICEs
     Net adc_control/clk_div2_enable_27: 1 loads, 1 LSLICEs
     Net adc_control/clk_div2_enable_28: 1 loads, 1 LSLICEs
     Net adc_control/clk_div2_enable_257: 1 loads, 1 LSLICEs
     Net i2c_slave_top/registers/clk_div2_enable_35: 4 loads, 4 LSLICEs
     Net i2c_slave_top/registers/clk_div2_enable_66: 4 loads, 4 LSLICEs
     Net i2c_slave_top/registers/clk_div2_enable_97: 4 loads, 4 LSLICEs
     Net i2c_slave_top/registers/clk_div2_enable_128: 4 loads, 4 LSLICEs
     Net i2c_slave_top/registers/clk_div2_enable_143: 4 loads, 4 LSLICEs
     Net i2c_slave_top/registers/clk_div2_enable_158: 4 loads, 4 LSLICEs
     Net i2c_slave_top/registers/clk_div2_enable_173: 4 loads, 4 LSLICEs
     Net i2c_slave_top/registers/clk_div2_enable_188: 4 loads, 4 LSLICEs
     Net i2c_slave_top/registers/clk_div2_enable_203: 4 loads, 4 LSLICEs
     Net i2c_slave_top/registers/clk_div2_N_18_enable_8: 4 loads, 4 LSLICEs
     Net i2c_slave_top/registers/count_3__N_751: 2 loads, 2 LSLICEs
     Net i2c_slave_top/registers/data_vld_dly_enable_1: 1 loads, 1 LSLICEs
     Net i2c_slave_top/registers/data_vld_dly_enable_2: 1 loads, 1 LSLICEs
     Net i2c_slave_top/registers/clk_div2_enable_229: 4 loads, 4 LSLICEs
     Net i2c_slave_top/registers/data_vld_dly_enable_3: 1 loads, 1 LSLICEs
     Net i2c_slave_top/registers/clk_div2_enable_256: 5 loads, 5 LSLICEs
     Net i2c_slave_top/registers/clk_div2_enable_253: 4 loads, 4 LSLICEs
     Net i2c_slave_top/registers/clk_div2_enable_121: 4 loads, 4 LSLICEs
     Net i2c_slave_top/registers/clk_div2_enable_82: 4 loads, 4 LSLICEs
     Net i2c_slave_top/registers/clk_div2_enable_245: 4 loads, 4 LSLICEs
     Net i2c_slave_top/registers/clk_div2_enable_113: 4 loads, 4 LSLICEs
     Net i2c_slave_top/registers/clk_div2_enable_237: 4 loads, 4 LSLICEs
     Net i2c_slave_top/registers/clk_div2_enable_105: 4 loads, 4 LSLICEs
     Net i2c_slave_top/registers/clk_div2_enable_43: 4 loads, 4 LSLICEs
     Net i2c_slave_top/registers/clk_div2_enable_51: 4 loads, 4 LSLICEs
     Net i2c_slave_top/registers/clk_div2_enable_59: 4 loads, 4 LSLICEs
     Net i2c_slave_top/registers/clk_div2_enable_74: 4 loads, 4 LSLICEs
     Net i2c_slave_top/registers/clk_div2_enable_90: 4 loads, 4 LSLICEs
     Net i2c_slave_top/registers/clk_div2_enable_136: 4 loads, 4 LSLICEs
     Net i2c_slave_top/registers/clk_div2_enable_151: 4 loads, 4 LSLICEs
     Net i2c_slave_top/registers/clk_div2_enable_166: 4 loads, 4 LSLICEs
     Net i2c_slave_top/registers/clk_div2_enable_181: 4 loads, 4 LSLICEs
     Net i2c_slave_top/registers/clk_div2_enable_196: 4 loads, 4 LSLICEs
     Net i2c_slave_top/registers/clk_div2_enable_211: 4 loads, 4 LSLICEs
     Net i2c_slave_top/registers/clk_div2_enable_222: 4 loads, 4 LSLICEs
     Net i2c_slave_top/registers/data_vld_dly_enable_4: 1 loads, 1 LSLICEs
     Net i2c_slave_top/i2cslave_controller_top/wr_done_i_N_430: 1 loads, 1 LSLICEs
     Net i2c_slave_top/i2cslave_controller_top/i2cslave_controller_u1/rw_mode_i_N_313: 1 loads, 1 LSLICEs
     Net i2c_slave_top/i2cslave_controller_top/i2cslave_controller_u1/out_n_enable_11: 1 loads, 1 LSLICEs
     Net i2c_slave_top/i2cslave_controller_top/i2cslave_controller_u1/out_n_enable_8: 4 loads, 4 LSLICEs
     Net i2c_slave_top/i2cslave_controller_top/i2cslave_controller_u1/out_n_enable_10: 1 loads, 1 LSLICEs
     Net i2c_slave_top/i2cslave_controller_top/i2cslave_controller_u1/out_n_enable_12: 1 loads, 1 LSLICEs
     Net i2c_slave_top/i2cslave_controller_top/filter_sda_inst/out_n_N_83: 1 loads, 1 LSLICEs
     Net i2c_slave_top/i2cslave_controller_top/filter_scl_inst/out_n_N_83: 1 loads, 1 LSLICEs
     Net reset_generator/reset_n_N_12: 1 loads, 1 LSLICEs
   Number of LSRs:  29
     Net rstn_c: 5 loads, 5 LSLICEs
     Net adc_control/n6035: 5 loads, 5 LSLICEs
     Net adc_control/n6032: 2 loads, 2 LSLICEs
     Net i2c_slave_top/addr_i_7__N_702: 1 loads, 1 LSLICEs
     Net i2c_slave_top/registers/n10730: 2 loads, 2 LSLICEs
     Net n16408: 4 loads, 4 LSLICEs
     Net i2c_slave_top/addr_i_7__N_703: 1 loads, 1 LSLICEs
     Net i2c_slave_top/addr_i_7__N_733: 2 loads, 2 LSLICEs
     Net i2c_slave_top/registers/n5992: 8 loads, 8 LSLICEs
     Net i2c_slave_top/addr_i_7__N_730: 2 loads, 2 LSLICEs
     Net i2c_slave_top/addr_i_7__N_701: 1 loads, 1 LSLICEs
     Net i2c_slave_top/addr_i_7__N_727: 2 loads, 2 LSLICEs
     Net i2c_slave_top/addr_i_7__N_700: 1 loads, 1 LSLICEs
     Net i2c_slave_top/addr_i_7__N_724: 2 loads, 2 LSLICEs
     Net i2c_slave_top/addr_i_7__N_699: 1 loads, 1 LSLICEs
     Net i2c_slave_top/addr_i_7__N_721: 2 loads, 2 LSLICEs
     Net i2c_slave_top/addr_i_7__N_698: 1 loads, 1 LSLICEs
     Net i2c_slave_top/addr_i_7__N_718: 2 loads, 2 LSLICEs
     Net i2c_slave_top/addr_i_7__N_695: 1 loads, 1 LSLICEs
     Net i2c_slave_top/addr_i_7__N_705: 2 loads, 2 LSLICEs
     Net i2c_slave_top/addr_i_7__N_736: 2 loads, 2 LSLICEs
     Net i2c_slave_top/addr_i_7__N_704: 1 loads, 1 LSLICEs
     Net i2c_slave_top/state_1_N_1054_0: 4 loads, 4 LSLICEs
     Net i2c_slave_top/i2cslave_controller_top/i2cslave_controller_u1/sda_reg: 1 loads, 1 LSLICEs
     Net start_detect_i_N_352: 2 loads, 2 LSLICEs
     Net n16517: 8 loads, 8 LSLICEs
     Net i2c_slave_top/i2cslave_controller_top/i2cslave_controller_u1/n3261: 1 loads, 1 LSLICEs
     Net i2c_slave_top/i2cslave_controller_top/i2cslave_controller_u1/n16431: 1 loads, 1 LSLICEs
     Net i2c_slave_top/i2cslave_controller_top/i2cslave_controller_u1/n3840: 1 loads, 1 LSLICEs
   Number of nets driven by tri-state buffers:  0
   Top 10 highest fanout non-clock nets:
     Net i2c_slave_top/n16546: 76 loads
     Net i2c_slave_top/registers/n16435: 60 loads
     Net i2c_slave_top/registers/n16548: 60 loads
     Net i2c_slave_top/registers/n16559: 56 loads
     Net i2c_slave_top/registers/n16521: 49 loads
     Net limit_check/logic_check/n14579: 32 loads
     Net limit_check/logic_check/n12_adj_1721: 31 loads
     Net i2c_slave_top/i2cslave_controller_top/i2cslave_controller_u1/count_i_0: 30 loads
     Net i2c_slave_top/i2cslave_controller_top/i2cslave_controller_u1/count_i_1: 30 loads
     Net i2c_slave_top/n16414: 29 loads
 

   Number of warnings:  0
   Number of errors:    0



Total CPU Time: 0 secs  
Total REAL Time: 0 secs  
Peak Memory Usage: 52 MB

Dumping design to file Safety_impl1_map.ncd.

ncd2vdb "Safety_impl1_map.ncd" ".vdbs/Safety_impl1_map.vdb"

Loading device for application ncd2vdb from file 'xo2c2000.nph' in environment: C:/lscc/diamond/3.13/ispfpga.

trce -f "Safety_impl1.mt" -o "Safety_impl1.tw1" "Safety_impl1_map.ncd" "Safety_impl1.prf"
trce:  version Diamond (64-bit) 3.13.0.56.2

Copyright (c) 1991-1994 by NeoCAD Inc. All rights reserved.
Copyright (c) 1995 AT&T Corp.   All rights reserved.
Copyright (c) 1995-2001 Lucent Technologies Inc.  All rights reserved.
Copyright (c) 2001 Agere Systems   All rights reserved.
Copyright (c) 2002-2023 Lattice Semiconductor Corporation,  All rights reserved.

Loading design for application trce from file safety_impl1_map.ncd.
Design name: top
NCD version: 3.3
Vendor:      LATTICE
Device:      LCMXO2-2000HC
Package:     TQFP100
Performance: 4
Loading device for application trce from file 'xo2c2000.nph' in environment: C:/lscc/diamond/3.13/ispfpga.
Package Status:                     Final          Version 1.44.
Performance Hardware Data Status:   Final          Version 34.4.
Setup and Hold Report

--------------------------------------------------------------------------------
Lattice TRACE Report - Setup, Version Diamond (64-bit) 3.13.0.56.2
Wed Apr 16 13:54:28 2025

Copyright (c) 1991-1994 by NeoCAD Inc. All rights reserved.
Copyright (c) 1995 AT&T Corp.   All rights reserved.
Copyright (c) 1995-2001 Lucent Technologies Inc.  All rights reserved.
Copyright (c) 2001 Agere Systems   All rights reserved.
Copyright (c) 2002-2023 Lattice Semiconductor Corporation,  All rights reserved.

Report Information
------------------
Command line:    trce -v 1 -gt -mapchkpnt 0 -sethld -o Safety_impl1.tw1 -gui -msgset C:/Project/Working/FPGA/HOME/Lattice/4162025/Safety/Rev_1/promote.xml Safety_impl1_map.ncd Safety_impl1.prf 
Design file:     safety_impl1_map.ncd
Preference file: safety_impl1.prf
Device,speed:    LCMXO2-2000HC,4
Report level:    verbose report, limited to 1 item per preference
--------------------------------------------------------------------------------

Report Type:     based on TRACE automatically generated preferences
BLOCK ASYNCPATHS
BLOCK RESETPATHS
--------------------------------------------------------------------------------



Timing summary (Setup):
---------------

Timing errors: 4841  Score: 1010104923
Cumulative negative slack: 1010012593

Constraints cover 15029 paths, 62 nets, and 4012 connections (97.59% coverage)

--------------------------------------------------------------------------------
Lattice TRACE Report - Hold, Version Diamond (64-bit) 3.13.0.56.2
Wed Apr 16 13:54:28 2025

Copyright (c) 1991-1994 by NeoCAD Inc. All rights reserved.
Copyright (c) 1995 AT&T Corp.   All rights reserved.
Copyright (c) 1995-2001 Lucent Technologies Inc.  All rights reserved.
Copyright (c) 2001 Agere Systems   All rights reserved.
Copyright (c) 2002-2023 Lattice Semiconductor Corporation,  All rights reserved.

Report Information
------------------
Command line:    trce -v 1 -gt -mapchkpnt 0 -sethld -o Safety_impl1.tw1 -gui -msgset C:/Project/Working/FPGA/HOME/Lattice/4162025/Safety/Rev_1/promote.xml Safety_impl1_map.ncd Safety_impl1.prf 
Design file:     safety_impl1_map.ncd
Preference file: safety_impl1.prf
Device,speed:    LCMXO2-2000HC,M
Report level:    verbose report, limited to 1 item per preference
--------------------------------------------------------------------------------

BLOCK ASYNCPATHS
BLOCK RESETPATHS
--------------------------------------------------------------------------------



Timing summary (Hold):
---------------

Timing errors: 0  Score: 0
Cumulative negative slack: 0

Constraints cover 15029 paths, 62 nets, and 4068 connections (98.95% coverage)



Timing summary (Setup and Hold):
---------------

Timing errors: 4841 (setup), 0 (hold)
Score: 1010104923 (setup), 0 (hold)
Cumulative negative slack: 1010012593 (1010012593+0)
--------------------------------------------------------------------------------

--------------------------------------------------------------------------------

Total CPU Time: 0 secs 
Total REAL Time: 0 secs 
Peak Memory Usage: 62 MB


ldbanno "Safety_impl1_map.ncd" -n Verilog -o "Safety_impl1_mapvo.vo" -w -neg
ldbanno: version Diamond (64-bit) 3.13.0.56.2
Copyright (c) 1991-1994 by NeoCAD Inc. All rights reserved.
Copyright (c) 1995 AT&T Corp.   All rights reserved.
Copyright (c) 1995-2001 Lucent Technologies Inc.  All rights reserved.
Copyright (c) 2001 Agere Systems   All rights reserved.
Copyright (c) 2002-2023 Lattice Semiconductor Corporation,  All rights reserved.

Writing a Verilog netlist using the orca library type based on the Safety_impl1_map design file.


Loading design for application ldbanno from file Safety_impl1_map.ncd.
Design name: top
NCD version: 3.3
Vendor:      LATTICE
Device:      LCMXO2-2000HC
Package:     TQFP100
Performance: 4
Loading device for application ldbanno from file 'xo2c2000.nph' in environment: C:/lscc/diamond/3.13/ispfpga.
Package Status:                     Final          Version 1.44.
Performance Hardware Data Status:   Final          Version 34.4.
Converting design Safety_impl1_map.ncd into .ldb format.
Writing Verilog netlist to file Safety_impl1_mapvo.vo
Writing SDF timing to file Safety_impl1_mapvo.sdf
    <postMsg mid="35400250" type="Info"    dynamic="1" navigation="0" arg0="0"  />
Total CPU Time: 0 secs 
Total REAL Time: 0 secs 
Peak Memory Usage: 59 MB

mpartrce -p "Safety_impl1.p2t" -f "Safety_impl1.p3t" -tf "Safety_impl1.pt" "Safety_impl1_map.ncd" "Safety_impl1.ncd"

---- MParTrce Tool ----
Removing old design directory at request of -rem command line option to this program.
Running par. Please wait . . .

Lattice Place and Route Report for Design "Safety_impl1_map.ncd"
Wed Apr 16 13:54:29 2025

PAR: Place And Route Diamond (64-bit) 3.13.0.56.2.
Command Line: par -w -l 5 -i 6 -t 1 -c 0 -e 0 -gui -msgset C:/Project/Working/FPGA/HOME/Lattice/4162025/Safety/Rev_1/promote.xml -exp parUseNBR=1:parCDP=0:parCDR=0:parPathBased=OFF:parASE=1 Safety_impl1_map.ncd Safety_impl1.dir/5_1.ncd Safety_impl1.prf
Preference file: Safety_impl1.prf.
Placement level-cost: 5-1.
Routing Iterations: 6

Loading design for application par from file Safety_impl1_map.ncd.
Design name: top
NCD version: 3.3
Vendor:      LATTICE
Device:      LCMXO2-2000HC
Package:     TQFP100
Performance: 4
Loading device for application par from file 'xo2c2000.nph' in environment: C:/lscc/diamond/3.13/ispfpga.
Package Status:                     Final          Version 1.44.
Performance Hardware Data Status:   Final          Version 34.4.
License checked out.


Ignore Preference Error(s):  True
Device utilization summary:

   PIO (prelim)   32+4(JTAG)/216     17% used
                  32+4(JTAG)/80      45% bonded

   SLICE            497/1056         47% used

   GSR                1/1           100% used


Number of Signals: 1390
Number of Connections: 4111
    <postMsg mid="61001101" type="Warning" dynamic="0" navigation="0"  />

Pin Constraint Summary:
   32 out of 32 pins locked (100% locked).

The following 3 signals are selected to use the primary clock routing resources:
    clk_div2 (driver: clock_generator/SLICE_49, clk load #: 199)
    i2c_slave_top/registers/data_vld_dly (driver: i2c_slave_top/SLICE_120, clk load #: 20)
    i2c_slave_top/i2cslave_controller_top/filter_scl_inst/out_n (driver: i2c_slave_top/i2cslave_controller_top/SLICE_550, clk load #: 19)


The following 1 signal is selected to use the secondary clock routing resources:
    heart_beat/prescale[15] (driver: heart_beat/SLICE_29, clk load #: 5, sr load #: 0, ce load #: 0)

Signal reset_n is selected as Global Set/Reset.
Starting Placer Phase 0.
..........
Finished Placer Phase 0.  REAL time: 0 secs 

Starting Placer Phase 1.
....
Placer score = 115296033.
Finished Placer Phase 1.  REAL time: 2 secs 

Starting Placer Phase 2.
.
Placer score =  114135136
Finished Placer Phase 2.  REAL time: 2 secs 


------------------ Clock Report ------------------

Global Clock Resources:
  CLK_PIN    : 0 out of 8 (0%)
  PLL        : 0 out of 1 (0%)
  DCM        : 0 out of 2 (0%)
  DCC        : 0 out of 8 (0%)

Global Clocks:
  PRIMARY "clk_div2" from Q0 on comp "clock_generator/SLICE_49" on site "R2C14A", clk load = 199
  PRIMARY "i2c_slave_top/registers/data_vld_dly" from Q0 on comp "i2c_slave_top/SLICE_120" on site "R9C3A", clk load = 20
  PRIMARY "i2c_slave_top/i2cslave_controller_top/filter_scl_inst/out_n" from Q0 on comp "i2c_slave_top/i2cslave_controller_top/SLICE_550" on site "R11C13A", clk load = 19
  SECONDARY "heart_beat/prescale[15]" from Q0 on comp "heart_beat/SLICE_29" on site "R10C25A", clk load = 5, ce load = 0, sr load = 0

  PRIMARY  : 3 out of 8 (37%)
  SECONDARY: 1 out of 8 (12%)

Edge Clocks:
  No edge clock selected.

--------------- End of Clock Report ---------------


I/O Usage Summary (final):
   32 + 4(JTAG) out of 216 (16.7%) PIO sites used.
   32 + 4(JTAG) out of 80 (45.0%) bonded PIO sites used.
   Number of PIO comps: 32; differential: 0.
   Number of Vref pins used: 0.

I/O Bank Usage Summary:
+----------+----------------+------------+-----------+
| I/O Bank | Usage          | Bank Vccio | Bank Vref |
+----------+----------------+------------+-----------+
| 0        | 6 / 19 ( 31%)  | 2.5V       | -         |
| 1        | 8 / 21 ( 38%)  | 2.5V       | -         |
| 2        | 11 / 20 ( 55%) | 2.5V       | -         |
| 3        | 3 / 6 ( 50%)   | 2.5V       | -         |
| 4        | 2 / 6 ( 33%)   | 2.5V       | -         |
| 5        | 2 / 8 ( 25%)   | 2.5V       | -         |
+----------+----------------+------------+-----------+

Total placer CPU time: 2 secs 

Dumping design to file Safety_impl1.dir/5_1.ncd.

0 connections routed; 4111 unrouted.
Starting router resource preassignment

    <postMsg mid="66011008" type="Warning" dynamic="1" navigation="0" arg0="&#xA;   Signal=clk_50mhz_c loads=2 clock_loads=2&#xA;   Signal=i2c_slave_top/addr_i_7__N_702 loads=2 clock_loads=1&#xA;   Signal=i2c_slave_top/addr_i_7__N_703 loads=2 clock_loads=1&#xA;   Signal=i2c_slave_top/addr_i_7__N_701 loads=2 clock_loads=1&#xA;   Signal=i2c_slave_top/addr_i_7__N_700 loads=2 clock_loads=1&#xA;   Signal=i2c_slave_top/addr_i_7   ....   _loads=1&#xA;   Signal=i2c_slave_top/i2cslave_controller_top/i2cslave_controller_u1/sda_reg loads=28 clock_loads=2&#xA;   Signal=reset_generator/clk_d2 loads=4 clock_loads=3"  />

Completed router resource preassignment. Real time: 3 secs 

Start NBR router at 13:54:32 04/16/25

*****************************************************************
Info: NBR allows conflicts(one node used by more than one signal)
      in the earlier iterations. In each iteration, it tries to  
      solve the conflicts while keeping the critical connections 
      routed as short as possible. The routing process is said to
      be completed when no conflicts exist and all connections   
      are routed.                                                
Note: NBR uses a different method to calculate timing slacks. The
      worst slack and total negative slack may not be the same as
      that in TRCE report. You should always run TRCE to verify  
      your design.                                               
*****************************************************************

Start NBR special constraint process at 13:54:32 04/16/25

Start NBR section for initial routing at 13:54:33 04/16/25
Level 1, iteration 1
0(0.00%) conflict; 3563(86.67%) untouched conns; 408438119 (nbr) score; 
Estimated worst slack/total negative slack<setup>: -567.463ns/-408438.119ns; real time: 4 secs 
Level 2, iteration 1
0(0.00%) conflict; 3563(86.67%) untouched conns; 408438119 (nbr) score; 
Estimated worst slack/total negative slack<setup>: -567.463ns/-408438.119ns; real time: 4 secs 
Level 3, iteration 1
0(0.00%) conflict; 3563(86.67%) untouched conns; 408438119 (nbr) score; 
Estimated worst slack/total negative slack<setup>: -567.463ns/-408438.119ns; real time: 4 secs 
Level 4, iteration 1
241(0.18%) conflicts; 0(0.00%) untouched conn; 471099822 (nbr) score; 
Estimated worst slack/total negative slack<setup>: -590.040ns/-471099.823ns; real time: 4 secs 

Info: Initial congestion level at 75% usage is 3
Info: Initial congestion area  at 75% usage is 40 (12.31%)

Start NBR section for normal routing at 13:54:33 04/16/25
Level 1, iteration 1
3(0.00%) conflicts; 301(7.32%) untouched conns; 652087213 (nbr) score; 
Estimated worst slack/total negative slack<setup>: -775.184ns/-652087.214ns; real time: 4 secs 
Level 1, iteration 2
13(0.01%) conflicts; 298(7.25%) untouched conns; 637963293 (nbr) score; 
Estimated worst slack/total negative slack<setup>: -741.911ns/-637963.294ns; real time: 5 secs 
Level 4, iteration 1
70(0.05%) conflicts; 0(0.00%) untouched conn; 643011360 (nbr) score; 
Estimated worst slack/total negative slack<setup>: -747.848ns/-643011.361ns; real time: 5 secs 
Level 4, iteration 2
46(0.04%) conflicts; 0(0.00%) untouched conn; 654081490 (nbr) score; 
Estimated worst slack/total negative slack<setup>: -731.916ns/-654081.491ns; real time: 5 secs 
Level 4, iteration 3
21(0.02%) conflicts; 0(0.00%) untouched conn; 644272438 (nbr) score; 
Estimated worst slack/total negative slack<setup>: -740.331ns/-644272.439ns; real time: 5 secs 
Level 4, iteration 4
9(0.01%) conflicts; 0(0.00%) untouched conn; 644272438 (nbr) score; 
Estimated worst slack/total negative slack<setup>: -740.331ns/-644272.439ns; real time: 5 secs 
Level 4, iteration 5
5(0.00%) conflicts; 0(0.00%) untouched conn; 646603872 (nbr) score; 
Estimated worst slack/total negative slack<setup>: -742.808ns/-646603.873ns; real time: 5 secs 
Level 4, iteration 6
15(0.01%) conflicts; 0(0.00%) untouched conn; 646603872 (nbr) score; 
Estimated worst slack/total negative slack<setup>: -742.808ns/-646603.873ns; real time: 5 secs 
Level 4, iteration 7
2(0.00%) conflicts; 0(0.00%) untouched conn; 681173632 (nbr) score; 
Estimated worst slack/total negative slack<setup>: -830.453ns/-681173.633ns; real time: 5 secs 
Level 4, iteration 8
5(0.00%) conflicts; 0(0.00%) untouched conn; 681173632 (nbr) score; 
Estimated worst slack/total negative slack<setup>: -830.453ns/-681173.633ns; real time: 5 secs 
Level 4, iteration 9
3(0.00%) conflicts; 0(0.00%) untouched conn; 656214502 (nbr) score; 
Estimated worst slack/total negative slack<setup>: -761.260ns/-656214.503ns; real time: 6 secs 
Level 4, iteration 10
1(0.00%) conflict; 0(0.00%) untouched conn; 656214502 (nbr) score; 
Estimated worst slack/total negative slack<setup>: -761.260ns/-656214.503ns; real time: 6 secs 
Level 4, iteration 11
1(0.00%) conflict; 0(0.00%) untouched conn; 672225561 (nbr) score; 
Estimated worst slack/total negative slack<setup>: -807.047ns/-672225.562ns; real time: 6 secs 
Level 4, iteration 12
1(0.00%) conflict; 0(0.00%) untouched conn; 672225561 (nbr) score; 
Estimated worst slack/total negative slack<setup>: -807.047ns/-672225.562ns; real time: 6 secs 
Level 4, iteration 13
0(0.00%) conflict; 0(0.00%) untouched conn; 681382281 (nbr) score; 
Estimated worst slack/total negative slack<setup>: -831.051ns/-681382.282ns; real time: 6 secs 
Level 4, iteration 14
1(0.00%) conflict; 0(0.00%) untouched conn; 681382281 (nbr) score; 
Estimated worst slack/total negative slack<setup>: -831.051ns/-681382.282ns; real time: 6 secs 
Level 4, iteration 15
0(0.00%) conflict; 0(0.00%) untouched conn; 678749795 (nbr) score; 
Estimated worst slack/total negative slack<setup>: -828.147ns/-678749.796ns; real time: 6 secs 

Start NBR section for performance tuning (iteration 1) at 13:54:35 04/16/25
Level 4, iteration 1
5(0.00%) conflicts; 0(0.00%) untouched conn; 660772444 (nbr) score; 
Estimated worst slack/total negative slack<setup>: -783.043ns/-660772.445ns; real time: 6 secs 
Level 4, iteration 2
5(0.00%) conflicts; 0(0.00%) untouched conn; 659373420 (nbr) score; 
Estimated worst slack/total negative slack<setup>: -775.483ns/-659373.421ns; real time: 6 secs 
Level 4, iteration 3
2(0.00%) conflicts; 0(0.00%) untouched conn; 683225629 (nbr) score; 
Estimated worst slack/total negative slack<setup>: -850.229ns/-683225.630ns; real time: 6 secs 

Start NBR section for re-routing at 13:54:35 04/16/25
Level 4, iteration 1
0(0.00%) conflict; 0(0.00%) untouched conn; 666677141 (nbr) score; 
Estimated worst slack/total negative slack<setup>: -828.446ns/-666677.142ns; real time: 7 secs 

Start NBR section for post-routing at 13:54:36 04/16/25

End NBR router with 0 unrouted connection

NBR Summary
-----------
  Number of unrouted connections : 0 (0.00%)
  Number of connections with timing violations : 2430 (59.11%)
  Estimated worst slack<setup> : -828.446ns
  Timing score<setup> : 1695174155
-----------
Notes: The timing info is calculated for SETUP only and all PAR_ADJs are ignored.



    <postMsg mid="66011008" type="Warning" dynamic="1" navigation="0" arg0="&#xA;   Signal=clk_50mhz_c loads=2 clock_loads=2&#xA;   Signal=i2c_slave_top/addr_i_7__N_702 loads=2 clock_loads=1&#xA;   Signal=i2c_slave_top/addr_i_7__N_703 loads=2 clock_loads=1&#xA;   Signal=i2c_slave_top/addr_i_7__N_701 loads=2 clock_loads=1&#xA;   Signal=i2c_slave_top/addr_i_7__N_700 loads=2 clock_loads=1&#xA;   Signal=i2c_slave_top/addr_i_7   ....   _loads=1&#xA;   Signal=i2c_slave_top/i2cslave_controller_top/i2cslave_controller_u1/sda_reg loads=28 clock_loads=2&#xA;   Signal=reset_generator/clk_d2 loads=4 clock_loads=3"  />

Total CPU time 7 secs 
Total REAL time: 8 secs 
Completely routed.
End of route.  4111 routed (100.00%); 0 unrouted.

Hold time timing score: 116, hold timing errors: 210

Timing score: 1695174155 

Dumping design to file Safety_impl1.dir/5_1.ncd.


PAR_SUMMARY::Run status = Completed
PAR_SUMMARY::Number of unrouted conns = 0
PAR_SUMMARY::Worst  slack<setup/<ns>> = -828.446
PAR_SUMMARY::Timing score<setup/<ns>> = 1695174.155
PAR_SUMMARY::Worst  slack<hold /<ns>> = -1.544
PAR_SUMMARY::Timing score<hold /<ns>> = 116.260
PAR_SUMMARY::Number of errors = 0

Total CPU  time to completion: 7 secs 
Total REAL time to completion: 8 secs 

par done!

Note: user must run 'Trace' for timing closure signoff.

Copyright (c) 1991-1994 by NeoCAD Inc. All rights reserved.
Copyright (c) 1995 AT&T Corp.   All rights reserved.
Copyright (c) 1995-2001 Lucent Technologies Inc.  All rights reserved.
Copyright (c) 2001 Agere Systems   All rights reserved.
Copyright (c) 2002-2023 Lattice Semiconductor Corporation,  All rights reserved.
Exiting par with exit code 0
Exiting mpartrce with exit code 0

trce -f "Safety_impl1.pt" -o "Safety_impl1.twr" "Safety_impl1.ncd" "Safety_impl1.prf"
trce:  version Diamond (64-bit) 3.13.0.56.2

Copyright (c) 1991-1994 by NeoCAD Inc. All rights reserved.
Copyright (c) 1995 AT&T Corp.   All rights reserved.
Copyright (c) 1995-2001 Lucent Technologies Inc.  All rights reserved.
Copyright (c) 2001 Agere Systems   All rights reserved.
Copyright (c) 2002-2023 Lattice Semiconductor Corporation,  All rights reserved.

Loading design for application trce from file safety_impl1.ncd.
Design name: top
NCD version: 3.3
Vendor:      LATTICE
Device:      LCMXO2-2000HC
Package:     TQFP100
Performance: 4
Loading device for application trce from file 'xo2c2000.nph' in environment: C:/lscc/diamond/3.13/ispfpga.
Package Status:                     Final          Version 1.44.
Performance Hardware Data Status:   Final          Version 34.4.
Setup and Hold Report

--------------------------------------------------------------------------------
Lattice TRACE Report - Setup, Version Diamond (64-bit) 3.13.0.56.2
Wed Apr 16 13:54:37 2025

Copyright (c) 1991-1994 by NeoCAD Inc. All rights reserved.
Copyright (c) 1995 AT&T Corp.   All rights reserved.
Copyright (c) 1995-2001 Lucent Technologies Inc.  All rights reserved.
Copyright (c) 2001 Agere Systems   All rights reserved.
Copyright (c) 2002-2023 Lattice Semiconductor Corporation,  All rights reserved.

Report Information
------------------
Command line:    trce -v 10 -gt -sethld -sp 4 -sphld m -o Safety_impl1.twr -gui -msgset C:/Project/Working/FPGA/HOME/Lattice/4162025/Safety/Rev_1/promote.xml Safety_impl1.ncd Safety_impl1.prf 
Design file:     safety_impl1.ncd
Preference file: safety_impl1.prf
Device,speed:    LCMXO2-2000HC,4
Report level:    verbose report, limited to 10 items per preference
--------------------------------------------------------------------------------

Report Type:     based on TRACE automatically generated preferences
BLOCK ASYNCPATHS
BLOCK RESETPATHS
--------------------------------------------------------------------------------



Timing summary (Setup):
---------------

Timing errors: 4889  Score: 1695174155
Cumulative negative slack: 1695043438

Constraints cover 15029 paths, 62 nets, and 4068 connections (98.95% coverage)

--------------------------------------------------------------------------------
Lattice TRACE Report - Hold, Version Diamond (64-bit) 3.13.0.56.2
Wed Apr 16 13:54:37 2025

Copyright (c) 1991-1994 by NeoCAD Inc. All rights reserved.
Copyright (c) 1995 AT&T Corp.   All rights reserved.
Copyright (c) 1995-2001 Lucent Technologies Inc.  All rights reserved.
Copyright (c) 2001 Agere Systems   All rights reserved.
Copyright (c) 2002-2023 Lattice Semiconductor Corporation,  All rights reserved.

Report Information
------------------
Command line:    trce -v 10 -gt -sethld -sp 4 -sphld m -o Safety_impl1.twr -gui -msgset C:/Project/Working/FPGA/HOME/Lattice/4162025/Safety/Rev_1/promote.xml Safety_impl1.ncd Safety_impl1.prf 
Design file:     safety_impl1.ncd
Preference file: safety_impl1.prf
Device,speed:    LCMXO2-2000HC,m
Report level:    verbose report, limited to 10 items per preference
--------------------------------------------------------------------------------

BLOCK ASYNCPATHS
BLOCK RESETPATHS
--------------------------------------------------------------------------------



Timing summary (Hold):
---------------

Timing errors: 210  Score: 116260
Cumulative negative slack: 116260

Constraints cover 15029 paths, 62 nets, and 4068 connections (98.95% coverage)



Timing summary (Setup and Hold):
---------------

Timing errors: 4889 (setup), 210 (hold)
Score: 1695174155 (setup), 116260 (hold)
Cumulative negative slack: 1695159698 (1695043438+116260)
--------------------------------------------------------------------------------

--------------------------------------------------------------------------------

Total CPU Time: 0 secs 
Total REAL Time: 0 secs 
Peak Memory Usage: 58 MB


iotiming  "Safety_impl1.ncd" "Safety_impl1.prf"
I/O Timing Report:
:  version Diamond (64-bit) 3.13.0.56.2

Copyright (c) 1991-1994 by NeoCAD Inc. All rights reserved.
Copyright (c) 1995 AT&T Corp.   All rights reserved.
Copyright (c) 1995-2001 Lucent Technologies Inc.  All rights reserved.
Copyright (c) 2001 Agere Systems   All rights reserved.
Copyright (c) 2002-2023 Lattice Semiconductor Corporation,  All rights reserved.

Loading design for application iotiming from file safety_impl1.ncd.
Design name: top
NCD version: 3.3
Vendor:      LATTICE
Device:      LCMXO2-2000HC
Package:     TQFP100
Performance: 4
Loading device for application iotiming from file 'xo2c2000.nph' in environment: C:/lscc/diamond/3.13/ispfpga.
Package Status:                     Final          Version 1.44.
Performance Hardware Data Status:   Final          Version 34.4.
Running Performance Grade: 4
Computing Setup Time ...
Computing Max Clock to Output Delay ...
Computing Hold Time ...
Computing Min Clock to Output Delay ...

Loading design for application iotiming from file safety_impl1.ncd.
Design name: top
NCD version: 3.3
Vendor:      LATTICE
Device:      LCMXO2-2000HC
Package:     TQFP100
Performance: 5
Package Status:                     Final          Version 1.44.
Performance Hardware Data Status:   Final          Version 34.4.
Running Performance Grade: 5
Computing Setup Time ...
Computing Max Clock to Output Delay ...
Computing Hold Time ...
Computing Min Clock to Output Delay ...

Loading design for application iotiming from file safety_impl1.ncd.
Design name: top
NCD version: 3.3
Vendor:      LATTICE
Device:      LCMXO2-2000HC
Package:     TQFP100
Performance: 6
Package Status:                     Final          Version 1.44.
Performance Hardware Data Status:   Final          Version 34.4.
Running Performance Grade: 6
Computing Setup Time ...
Computing Max Clock to Output Delay ...
Computing Hold Time ...
Computing Min Clock to Output Delay ...

Loading design for application iotiming from file safety_impl1.ncd.
Design name: top
NCD version: 3.3
Vendor:      LATTICE
Device:      LCMXO2-2000HC
Package:     TQFP100
Performance: M
Package Status:                     Final          Version 1.44.
Performance Hardware Data Status:   Final          Version 34.4.
Running Performance Grade: M
Computing Setup Time ...
Computing Max Clock to Output Delay ...
Computing Hold Time ...
Computing Min Clock to Output Delay ...
Done.

tmcheck -par "Safety_impl1.par" 

bitgen -f "Safety_impl1.t2b" -w "Safety_impl1.ncd"  -jedec "Safety_impl1.prf"


BITGEN: Bitstream Generator Diamond (64-bit) 3.13.0.56.2
Copyright (c) 1991-1994 by NeoCAD Inc. All rights reserved.
Copyright (c) 1995 AT&T Corp.   All rights reserved.
Copyright (c) 1995-2001 Lucent Technologies Inc.  All rights reserved.
Copyright (c) 2001 Agere Systems   All rights reserved.
Copyright (c) 2002-2023 Lattice Semiconductor Corporation,  All rights reserved.


Loading design for application Bitgen from file Safety_impl1.ncd.
Design name: top
NCD version: 3.3
Vendor:      LATTICE
Device:      LCMXO2-2000HC
Package:     TQFP100
Performance: 4
Loading device for application Bitgen from file 'xo2c2000.nph' in environment: C:/lscc/diamond/3.13/ispfpga.
Package Status:                     Final          Version 1.44.
Performance Hardware Data Status:   Final          Version 34.4.

Running DRC.
DRC detected 0 errors and 0 warnings.
Reading Preference File from Safety_impl1.prf.
    <postMsg mid="1009992" type="Info"    dynamic="1" navigation="0" arg0=" SW_XO3D_SECURITY_ENCRYPTION *NOT* controlled by xo2c00.acd ###"  />
    <postMsg mid="1009992" type="Info"    dynamic="1" navigation="0" arg0=" SW_XO3D_SECURITY_ENCRYPTION license_securityIP OK"  />

Preference Summary:
+---------------------------------+---------------------------------+
|  Preference                     |  Current Setting                |
+---------------------------------+---------------------------------+
|                         RamCfg  |                        Reset**  |
+---------------------------------+---------------------------------+
|                     MCCLK_FREQ  |                         2.08**  |
+---------------------------------+---------------------------------+
|                  CONFIG_SECURE  |                          OFF**  |
+---------------------------------+---------------------------------+
|                          INBUF  |                           ON**  |
+---------------------------------+---------------------------------+
|                      JTAG_PORT  |                       ENABLE**  |
+---------------------------------+---------------------------------+
|                       SDM_PORT  |                      DISABLE**  |
+---------------------------------+---------------------------------+
|                 SLAVE_SPI_PORT  |                      DISABLE**  |
+---------------------------------+---------------------------------+
|                MASTER_SPI_PORT  |                      DISABLE**  |
+---------------------------------+---------------------------------+
|                       I2C_PORT  |                      DISABLE**  |
+---------------------------------+---------------------------------+
|        MUX_CONFIGURATION_PORTS  |                      DISABLE**  |
+---------------------------------+---------------------------------+
|                  CONFIGURATION  |                          CFG**  |
+---------------------------------+---------------------------------+
|                COMPRESS_CONFIG  |                           ON**  |
+---------------------------------+---------------------------------+
|                        MY_ASSP  |                          OFF**  |
+---------------------------------+---------------------------------+
|               ONE_TIME_PROGRAM  |                          OFF**  |
+---------------------------------+---------------------------------+
|                 ENABLE_TRANSFR  |                      DISABLE**  |
+---------------------------------+---------------------------------+
|                  SHAREDEBRINIT  |                      DISABLE**  |
+---------------------------------+---------------------------------+
|            BACKGROUND_RECONFIG  |                          OFF**  |
+---------------------------------+---------------------------------+
 *  Default setting.
 ** The specified setting matches the default setting.


Creating bit map...
 
Bitstream Status: Final           Version 1.95.
 
Saving bit stream in "Safety_impl1.jed".
 
===========
UFM Summary.
===========
UFM Size:        639 Pages (128*639 Bits).
UFM Utilization: General Purpose Flash Memory.
 
Available General Purpose Flash Memory:  639 Pages (Page 0 to Page 638).
Initialized UFM Pages:                     0 Page.
 
=========
Padding summary
=========
Padded 317952 bits for this design


Total CPU Time: 1 secs 
Total REAL Time: 2 secs 
Peak Memory Usage: 265 MB
